# JRE version: OpenJDK Runtime Environment (21.0.9) (build 21.0.9+-14787801-b1163.94)
# Java VM: OpenJDK 64-Bit Server VM (21.0.9+-14787801-b1163.94, mixed mode, tiered, compressed oops, compressed class ptrs, g1 gc, windows-amd64)
GC Precious Log:
 CardTable entry size: 512
 Card Set container configuration: InlinePtr #cards 5 size 8 Array Of Cards #cards 12 size 40 Howl #buckets 4 coarsen threshold 1843 Howl Bitmap #cards 512 size 80 coarsen threshold 460 Card regions per heap region 1 cards per card region 2048
 CPUs: 16 total, 16 available
 Memory: 15556M
 Large Page Support: Disabled
 NUMA Support: Disabled
 Compressed Oops: Enabled (32-bit)
 Heap Region Size: 1M
 Heap Min Capacity: 8M
 Heap Initial Capacity: 244M
 Heap Max Capacity: 2G
 Pre-touch: Disabled
 Parallel Workers: 13
 Concurrent Workers: 3
 Concurrent Refinement Workers: 13
 Periodic GC: Disabled
Heap:
 garbage-first heap   total 270336K, used 224536K [0x0000000080000000, 0x0000000100000000)
  region size 1024K, 96 young (98304K), 11 survivors (11264K)
 Metaspace       used 157164K, committed 159424K, reserved 1245184K
  class space    used 20804K, committed 21888K, reserved 1048576K
GC Heap History (20 events):
Event: 28.772 GC heap before
{Heap before GC invocations=46 (full 0):
 garbage-first heap   total 222208K, used 198109K [0x0000000080000000, 0x0000000100000000)
  region size 1024K, 66 young (67584K), 5 survivors (5120K)
 Metaspace       used 117120K, committed 119168K, reserved 1179648K
  class space    used 15914K, committed 16896K, reserved 1048576K
}
Event: 28.779 GC heap after
{Heap after GC invocations=47 (full 0):
 garbage-first heap   total 222208K, used 138071K [0x0000000080000000, 0x0000000100000000)
  region size 1024K, 9 young (9216K), 9 survivors (9216K)
 Metaspace       used 117120K, committed 119168K, reserved 1179648K
  class space    used 15914K, committed 16896K, reserved 1048576K
}
Event: 30.013 GC heap before
{Heap before GC invocations=47 (full 0):
 garbage-first heap   total 222208K, used 198487K [0x0000000080000000, 0x0000000100000000)
  region size 1024K, 69 young (70656K), 9 survivors (9216K)
 Metaspace       used 124650K, committed 126656K, reserved 1179648K
  class space    used 16702K, committed 17664K, reserved 1048576K
}
Event: 30.020 GC heap after
{Heap after GC invocations=48 (full 0):
 garbage-first heap   total 222208K, used 142655K [0x0000000080000000, 0x0000000100000000)
  region size 1024K, 9 young (9216K), 9 survivors (9216K)
 Metaspace       used 124650K, committed 126656K, reserved 1179648K
  class space    used 16702K, committed 17664K, reserved 1048576K
}
Event: 30.814 GC heap before
{Heap before GC invocations=49 (full 0):
 garbage-first heap   total 239616K, used 202047K [0x0000000080000000, 0x0000000100000000)
  region size 1024K, 67 young (68608K), 9 survivors (9216K)
 Metaspace       used 128783K, committed 130752K, reserved 1179648K
  class space    used 17162K, committed 18112K, reserved 1048576K
}
Event: 30.821 GC heap after
{Heap after GC invocations=50 (full 0):
 garbage-first heap   total 239616K, used 154468K [0x0000000080000000, 0x0000000100000000)
  region size 1024K, 9 young (9216K), 9 survivors (9216K)
 Metaspace       used 128783K, committed 130752K, reserved 1179648K
  class space    used 17162K, committed 18112K, reserved 1048576K
}
Event: 31.980 GC heap before
{Heap before GC invocations=50 (full 0):
 garbage-first heap   total 239616K, used 214884K [0x0000000080000000, 0x0000000100000000)
  region size 1024K, 68 young (69632K), 9 survivors (9216K)
 Metaspace       used 136851K, committed 138944K, reserved 1179648K
  class space    used 18151K, committed 19136K, reserved 1048576K
}
Event: 31.985 GC heap after
{Heap after GC invocations=51 (full 0):
 garbage-first heap   total 239616K, used 157485K [0x0000000080000000, 0x0000000100000000)
  region size 1024K, 4 young (4096K), 4 survivors (4096K)
 Metaspace       used 136851K, committed 138944K, reserved 1179648K
  class space    used 18151K, committed 19136K, reserved 1048576K
}
Event: 32.155 GC heap before
{Heap before GC invocations=51 (full 0):
 garbage-first heap   total 239616K, used 164653K [0x0000000080000000, 0x0000000100000000)
  region size 1024K, 12 young (12288K), 4 survivors (4096K)
 Metaspace       used 137503K, committed 139584K, reserved 1179648K
  class space    used 18249K, committed 19264K, reserved 1048576K
}
Event: 32.159 GC heap after
{Heap after GC invocations=52 (full 0):
 garbage-first heap   total 239616K, used 157282K [0x0000000080000000, 0x0000000100000000)
  region size 1024K, 4 young (4096K), 4 survivors (4096K)
 Metaspace       used 137503K, committed 139584K, reserved 1179648K
  class space    used 18249K, committed 19264K, reserved 1048576K
}
Event: 32.549 GC heap before
{Heap before GC invocations=53 (full 0):
 garbage-first heap   total 270336K, used 224866K [0x0000000080000000, 0x0000000100000000)
  region size 1024K, 66 young (67584K), 4 survivors (4096K)
 Metaspace       used 137615K, committed 139648K, reserved 1179648K
  class space    used 18265K, committed 19264K, reserved 1048576K
}
Event: 32.563 GC heap after
{Heap after GC invocations=54 (full 0):
 garbage-first heap   total 270336K, used 169216K [0x0000000080000000, 0x0000000100000000)
  region size 1024K, 9 young (9216K), 9 survivors (9216K)
 Metaspace       used 137615K, committed 139648K, reserved 1179648K
  class space    used 18265K, committed 19264K, reserved 1048576K
}
Event: 32.646 GC heap before
{Heap before GC invocations=54 (full 0):
 garbage-first heap   total 270336K, used 239872K [0x0000000080000000, 0x0000000100000000)
  region size 1024K, 79 young (80896K), 9 survivors (9216K)
 Metaspace       used 137616K, committed 139712K, reserved 1179648K
  class space    used 18265K, committed 19264K, reserved 1048576K
}
Event: 32.650 GC heap after
{Heap after GC invocations=55 (full 0):
 garbage-first heap   total 270336K, used 168683K [0x0000000080000000, 0x0000000100000000)
  region size 1024K, 2 young (2048K), 2 survivors (2048K)
 Metaspace       used 137616K, committed 139712K, reserved 1179648K
  class space    used 18265K, committed 19264K, reserved 1048576K
}
Event: 32.722 GC heap before
{Heap before GC invocations=55 (full 0):
 garbage-first heap   total 270336K, used 212715K [0x0000000080000000, 0x0000000100000000)
  region size 1024K, 47 young (48128K), 2 survivors (2048K)
 Metaspace       used 137620K, committed 139712K, reserved 1179648K
  class space    used 18266K, committed 19264K, reserved 1048576K
}
Event: 32.725 GC heap after
{Heap after GC invocations=56 (full 0):
 garbage-first heap   total 270336K, used 168735K [0x0000000080000000, 0x0000000100000000)
  region size 1024K, 2 young (2048K), 2 survivors (2048K)
 Metaspace       used 137620K, committed 139712K, reserved 1179648K
  class space    used 18266K, committed 19264K, reserved 1048576K
}
Event: 33.829 GC heap before
{Heap before GC invocations=57 (full 0):
 garbage-first heap   total 270336K, used 226079K [0x0000000080000000, 0x0000000100000000)
  region size 1024K, 78 young (79872K), 2 survivors (2048K)
 Metaspace       used 143604K, committed 145728K, reserved 1179648K
  class space    used 18957K, committed 19968K, reserved 1048576K
}
Event: 33.833 GC heap after
{Heap after GC invocations=58 (full 0):
 garbage-first heap   total 270336K, used 151009K [0x0000000080000000, 0x0000000100000000)
  region size 1024K, 4 young (4096K), 4 survivors (4096K)
 Metaspace       used 143604K, committed 145728K, reserved 1179648K
  class space    used 18957K, committed 19968K, reserved 1048576K
}
Event: 35.794 GC heap before
{Heap before GC invocations=58 (full 0):
 garbage-first heap   total 270336K, used 247265K [0x0000000080000000, 0x0000000100000000)
  region size 1024K, 93 young (95232K), 4 survivors (4096K)
 Metaspace       used 150345K, committed 152512K, reserved 1245184K
  class space    used 19924K, committed 20992K, reserved 1048576K
}
Event: 35.800 GC heap after
{Heap after GC invocations=59 (full 0):
 garbage-first heap   total 270336K, used 134424K [0x0000000080000000, 0x0000000100000000)
  region size 1024K, 11 young (11264K), 11 survivors (11264K)
 Metaspace       used 150345K, committed 152512K, reserved 1245184K
  class space    used 19924K, committed 20992K, reserved 1048576K
}

